Config {
    json_dir: "/Users/wangyansong/Library/Application Support/Code/User/globalStorage/alefragnani.project-manager/projects.json",
    scan_dir: [
        "/Users/wangyansong/project/vw",
        "/Users/wangyansong/project/cooper",
    ],
    need_deep: [
        "rs_tools",
        "other",
        "rust",
    ],
    ignore_dir: [],
    tags: [
        "vw",
        "cooper",
        "rs_tools",
        "other",
        "rust",
    ],
}
root_path /Users/wangyansong/project/cooper/rs_tools
root_path /Users/wangyansong/project/cooper/rust
root_path /Users/wangyansong/project/cooper/other
[
    ProjectInfo {
        name: "cnpm",
        root_path: "/Users/wangyansong/project/cooper/cnpm",
        paths: [],
        tags: [
            "cooper",
        ],
        enabled: true,
    },
    ProjectInfo {
        name: "test",
        root_path: "/Users/wangyansong/project/cooper/test",
        paths: [],
        tags: [
            "cooper",
        ],
        enabled: true,
    },
    ProjectInfo {
        name: "playground",
        root_path: "/Users/wangyansong/project/cooper/playground",
        paths: [],
        tags: [
            "cooper",
        ],
        enabled: true,
    },
    ProjectInfo {
        name: "file",
        root_path: "/Users/wangyansong/project/cooper/file",
        paths: [],
        tags: [
            "cooper",
        ],
        enabled: true,
    },
    ProjectInfo {
        name: "ts_type",
        root_path: "/Users/wangyansong/project/cooper/ts_type",
        paths: [],
        tags: [
            "cooper",
        ],
        enabled: true,
    },
    ProjectInfo {
        name: "excll",
        root_path: "/Users/wangyansong/project/cooper/excll",
        paths: [],
        tags: [
            "cooper",
        ],
        enabled: true,
    },
    ProjectInfo {
        name: "leetcode",
        root_path: "/Users/wangyansong/project/cooper/leetcode",
        paths: [],
        tags: [
            "cooper",
        ],
        enabled: true,
    },
    ProjectInfo {
        name: "webspider",
        root_path: "/Users/wangyansong/project/cooper/webspider",
        paths: [],
        tags: [
            "cooper",
        ],
        enabled: true,
    },
    ProjectInfo {
        name: "npm_packages",
        root_path: "/Users/wangyansong/project/cooper/npm_packages",
        paths: [],
        tags: [
            "cooper",
        ],
        enabled: true,
    },
    ProjectInfo {
        name: "project_storm",
        root_path: "/Users/wangyansong/project/cooper/project_storm",
        paths: [],
        tags: [
            "cooper",
        ],
        enabled: true,
    },
    ProjectInfo {
        name: "station_static",
        root_path: "/Users/wangyansong/project/cooper/station_static",
        paths: [],
        tags: [
            "cooper",
        ],
        enabled: true,
    },
    ProjectInfo {
        name: "station",
        root_path: "/Users/wangyansong/project/cooper/station",
        paths: [],
        tags: [
            "cooper",
        ],
        enabled: true,
    },
    ProjectInfo {
        name: "lib",
        root_path: "/Users/wangyansong/project/cooper/lib",
        paths: [],
        tags: [
            "cooper",
        ],
        enabled: true,
    },
    ProjectInfo {
        name: "news_rs",
        root_path: "/Users/wangyansong/project/cooper/other/news_rs",
        paths: [],
        tags: [
            "cooper",
        ],
        enabled: true,
    },
    ProjectInfo {
        name: "news",
        root_path: "/Users/wangyansong/project/cooper/other/news",
        paths: [],
        tags: [
            "cooper",
        ],
        enabled: true,
    },
    ProjectInfo {
        name: "client",
        root_path: "/Users/wangyansong/project/cooper/other/client",
        paths: [],
        tags: [
            "cooper",
        ],
        enabled: true,
    },
    ProjectInfo {
        name: "leng2",
        root_path: "/Users/wangyansong/project/cooper/rust/leng2",
        paths: [],
        tags: [
            "cooper",
        ],
        enabled: true,
    },
    ProjectInfo {
        name: "dataStruc",
        root_path: "/Users/wangyansong/project/cooper/rust/dataStruc",
        paths: [],
        tags: [
            "cooper",
        ],
        enabled: true,
    },
    ProjectInfo {
        name: "restaurant",
        root_path: "/Users/wangyansong/project/cooper/rust/restaurant",
        paths: [],
        tags: [
            "cooper",
        ],
        enabled: true,
    },
    ProjectInfo {
        name: "mandel_boot",
        root_path: "/Users/wangyansong/project/cooper/rust/mandel_boot",
        paths: [],
        tags: [
            "cooper",
        ],
        enabled: true,
    },
    ProjectInfo {
        name: "data_struc",
        root_path: "/Users/wangyansong/project/cooper/rust/data_struc",
        paths: [],
        tags: [
            "cooper",
        ],
        enabled: true,
    },
    ProjectInfo {
        name: "guessing_game",
        root_path: "/Users/wangyansong/project/cooper/rust/guessing_game",
        paths: [],
        tags: [
            "cooper",
        ],
        enabled: true,
    },
    ProjectInfo {
        name: "variables",
        root_path: "/Users/wangyansong/project/cooper/rust/variables",
        paths: [],
        tags: [
            "cooper",
        ],
        enabled: true,
    },
    ProjectInfo {
        name: "structTest",
        root_path: "/Users/wangyansong/project/cooper/rust/structTest",
        paths: [],
        tags: [
            "cooper",
        ],
        enabled: true,
    },
    ProjectInfo {
        name: "scan_project",
        root_path: "/Users/wangyansong/project/cooper/rs_tools/scan_project",
        paths: [],
        tags: [
            "cooper",
        ],
        enabled: true,
    },
    ProjectInfo {
        name: "project_cli",
        root_path: "/Users/wangyansong/project/cooper/rs_tools/project_cli",
        paths: [],
        tags: [
            "cooper",
        ],
        enabled: true,
    },
    ProjectInfo {
        name: "ezia-cms-framework_element",
        root_path: "/Users/wangyansong/project/vw/ezia-cms-framework_element",
        paths: [],
        tags: [
            "vw",
        ],
        enabled: true,
    },
    ProjectInfo {
        name: "ezia-commonutil-portal-errorcode",
        root_path: "/Users/wangyansong/project/vw/ezia-commonutil-portal-errorcode",
        paths: [],
        tags: [
            "vw",
        ],
        enabled: true,
    },
    ProjectInfo {
        name: "ezia-commonutil-onesimcn-applications",
        root_path: "/Users/wangyansong/project/vw/ezia-commonutil-onesimcn-applications",
        paths: [],
        tags: [
            "vw",
        ],
        enabled: true,
    },
    ProjectInfo {
        name: "ezia-commonutil-portal-techblog",
        root_path: "/Users/wangyansong/project/vw/ezia-commonutil-portal-techblog",
        paths: [],
        tags: [
            "vw",
        ],
        enabled: true,
    },
    ProjectInfo {
        name: "vwasp-oneportal-portal-usercenter",
        root_path: "/Users/wangyansong/project/vw/vwasp-oneportal-portal-usercenter",
        paths: [],
        tags: [
            "vw",
        ],
        enabled: true,
    },
    ProjectInfo {
        name: "vwasp-oneportal-service-usercenter",
        root_path: "/Users/wangyansong/project/vw/vwasp-oneportal-service-usercenter",
        paths: [],
        tags: [
            "vw",
        ],
        enabled: true,
    },
    ProjectInfo {
        name: "vwasp-oneportal-portal-container",
        root_path: "/Users/wangyansong/project/vw/vwasp-oneportal-portal-container",
        paths: [],
        tags: [
            "vw",
        ],
        enabled: true,
    },
    ProjectInfo {
        name: "vwasp-charging-portal-mgmt",
        root_path: "/Users/wangyansong/project/vw/vwasp-charging-portal-mgmt",
        paths: [],
        tags: [
            "vw",
        ],
        enabled: true,
    },
    ProjectInfo {
        name: "vwasp-oemcenter-portal-mgmt",
        root_path: "/Users/wangyansong/project/vw/vwasp-oemcenter-portal-mgmt",
        paths: [],
        tags: [
            "vw",
        ],
        enabled: true,
    },
    ProjectInfo {
        name: "irm-animatedavatar-webview-avatar",
        root_path: "/Users/wangyansong/project/vw/irm-animatedavatar-webview-avatar",
        paths: [],
        tags: [
            "vw",
        ],
        enabled: true,
    },
    ProjectInfo {
        name: "vwasp-avatar-portal-mgmt",
        root_path: "/Users/wangyansong/project/vw/vwasp-avatar-portal-mgmt",
        paths: [],
        tags: [
            "vw",
        ],
        enabled: true,
    },
]
